[28-Jan-2022 21:05:59 UTC] cron
[28-Jan-2022 21:05:59 UTC] cron
[28-Jan-2022 21:05:59 UTC] cron
[28-Jan-2022 21:05:59 UTC] cron
[28-Jan-2022 21:06:06 UTC] swellenterprise
[28-Jan-2022 21:06:11 UTC] swellenterprise
[28-Jan-2022 21:07:09 UTC] cron
[28-Jan-2022 21:07:09 UTC] cron
[28-Jan-2022 21:07:09 UTC] cron
[28-Jan-2022 21:07:09 UTC] cron
[28-Jan-2022 21:09:04 UTC] cron
[28-Jan-2022 21:09:04 UTC] cron
[28-Jan-2022 21:09:04 UTC] cron
[28-Jan-2022 21:09:04 UTC] cron
[28-Jan-2022 21:09:12 UTC] swellenterprise
[28-Jan-2022 21:09:16 UTC] swellenterprise
[28-Jan-2022 21:10:13 UTC] cron
[28-Jan-2022 21:10:13 UTC] cron
[28-Jan-2022 21:10:13 UTC] cron
[28-Jan-2022 21:10:13 UTC] cron
[28-Jan-2022 21:11:14 UTC] cron
[28-Jan-2022 21:11:14 UTC] cron
[28-Jan-2022 21:11:14 UTC] cron
[28-Jan-2022 21:11:14 UTC] cron
[28-Jan-2022 21:12:43 UTC] cron
[28-Jan-2022 21:12:43 UTC] cron
[28-Jan-2022 21:12:43 UTC] cron
[28-Jan-2022 21:12:43 UTC] cron
[28-Jan-2022 21:14:12 UTC] cron
[28-Jan-2022 21:14:12 UTC] cron
[28-Jan-2022 21:14:12 UTC] cron
[28-Jan-2022 21:14:12 UTC] cron
[28-Jan-2022 21:14:25 UTC] swellenterprise
[28-Jan-2022 21:15:05 UTC] cron
[28-Jan-2022 21:15:05 UTC] cron
[28-Jan-2022 21:15:05 UTC] cron
[28-Jan-2022 21:15:05 UTC] cron
[28-Jan-2022 21:17:06 UTC] cron
[28-Jan-2022 21:17:06 UTC] cron
[28-Jan-2022 21:17:06 UTC] cron
[28-Jan-2022 21:17:06 UTC] cron
[28-Jan-2022 21:17:39 UTC] swellenterprise
[28-Jan-2022 21:17:55 UTC] cron
[28-Jan-2022 21:17:55 UTC] cron
[28-Jan-2022 21:17:55 UTC] cron
[28-Jan-2022 21:17:55 UTC] cron
[28-Jan-2022 21:18:25 UTC] swellenterprise
[28-Jan-2022 21:18:39 UTC] swellenterprise
[28-Jan-2022 21:19:15 UTC] cron
[28-Jan-2022 21:19:15 UTC] cron
[28-Jan-2022 21:19:15 UTC] cron
[28-Jan-2022 21:19:15 UTC] cron
[28-Jan-2022 21:20:06 UTC] cron
[28-Jan-2022 21:20:06 UTC] cron
[28-Jan-2022 21:20:06 UTC] cron
[28-Jan-2022 21:20:06 UTC] cron
[28-Jan-2022 21:20:40 UTC] swellenterprise
[28-Jan-2022 21:20:49 UTC] cron
[28-Jan-2022 21:20:49 UTC] cron
[28-Jan-2022 21:20:49 UTC] cron
[28-Jan-2022 21:20:49 UTC] cron
[28-Jan-2022 21:21:07 UTC] swellenterprise
[28-Jan-2022 21:22:12 UTC] cron
[28-Jan-2022 21:22:12 UTC] cron
[28-Jan-2022 21:22:12 UTC] cron
[28-Jan-2022 21:22:12 UTC] cron
[29-Jan-2022 17:41:58 UTC] loginizer_last_reset
[29-Jan-2022 17:41:58 UTC] PHP Warning:  Invalid argument supplied for foreach() in /home/greeqhlk/swell.greelogix.com/wp-content/plugins/swellenterprise/admin/class-swellenterprise-admin.php on line 2211
[29-Jan-2022 17:41:58 UTC] PHP Warning:  call_user_func_array() expects parameter 1 to be a valid callback, class 'SWELLEnterprise_Admin' does not have a method 'notes_meta_meta_boxes' in /home/greeqhlk/swell.greelogix.com/wp-includes/class-wp-hook.php on line 307
[29-Jan-2022 17:42:08 UTC] cron
[29-Jan-2022 17:42:08 UTC] cron
[29-Jan-2022 17:42:08 UTC] cron
[29-Jan-2022 17:42:08 UTC] cron
[29-Jan-2022 17:42:08 UTC] cron
[29-Jan-2022 17:42:08 UTC] cron
[29-Jan-2022 17:42:08 UTC] cron
[29-Jan-2022 17:42:08 UTC] cron
[29-Jan-2022 17:42:08 UTC] cron
[29-Jan-2022 17:42:08 UTC] cron
[29-Jan-2022 17:42:08 UTC] _site_transient_update_core
[29-Jan-2022 17:42:08 UTC] _site_transient_update_plugins
[29-Jan-2022 17:42:08 UTC] _site_transient_update_plugins
[29-Jan-2022 17:42:08 UTC] _site_transient_update_themes
[29-Jan-2022 17:42:09 UTC] _site_transient_update_plugins
[29-Jan-2022 17:42:09 UTC] cron
[29-Jan-2022 17:42:09 UTC] cron
[29-Jan-2022 17:42:09 UTC] cron
[29-Jan-2022 17:42:09 UTC] cron
[29-Jan-2022 17:42:09 UTC] cron
[29-Jan-2022 17:42:09 UTC] cron
[29-Jan-2022 17:42:09 UTC] recovery_keys
[29-Jan-2022 17:42:09 UTC] cron
[29-Jan-2022 17:42:09 UTC] cron
[29-Jan-2022 17:42:09 UTC] cron
[29-Jan-2022 17:42:09 UTC] cron
[29-Jan-2022 17:42:09 UTC] cron
[29-Jan-2022 17:42:09 UTC] cron
[30-Jan-2022 13:17:46 UTC] cron
[30-Jan-2022 13:17:46 UTC] cron
[30-Jan-2022 13:17:46 UTC] cron
[30-Jan-2022 13:17:46 UTC] cron
[30-Jan-2022 13:17:46 UTC] cron
[30-Jan-2022 13:17:46 UTC] cron
[30-Jan-2022 13:17:46 UTC] cron
[30-Jan-2022 13:17:46 UTC] cron
[30-Jan-2022 13:17:50 UTC] cron
[30-Jan-2022 13:17:50 UTC] cron
[30-Jan-2022 13:17:50 UTC] _site_transient_update_core
[30-Jan-2022 13:17:50 UTC] _site_transient_update_plugins
[30-Jan-2022 13:17:50 UTC] _site_transient_update_plugins
[30-Jan-2022 13:17:50 UTC] _site_transient_update_themes
[30-Jan-2022 13:17:50 UTC] _site_transient_update_plugins
[30-Jan-2022 13:17:50 UTC] cron
[30-Jan-2022 13:17:50 UTC] cron
[30-Jan-2022 13:17:50 UTC] cron
[30-Jan-2022 13:17:50 UTC] cron
[30-Jan-2022 13:17:50 UTC] cron
[30-Jan-2022 13:17:50 UTC] cron
[30-Jan-2022 13:17:50 UTC] cron
[30-Jan-2022 13:17:50 UTC] cron
[30-Jan-2022 13:17:50 UTC] cron
[30-Jan-2022 13:17:50 UTC] cron
[30-Jan-2022 13:17:50 UTC] cron
[30-Jan-2022 13:17:50 UTC] cron
[30-Jan-2022 23:31:51 UTC] loginizer_last_reset
[30-Jan-2022 23:31:51 UTC] PHP Warning:  Invalid argument supplied for foreach() in /home/greeqhlk/swell.greelogix.com/wp-content/plugins/swellenterprise/admin/class-swellenterprise-admin.php on line 2211
[30-Jan-2022 23:31:51 UTC] PHP Warning:  call_user_func_array() expects parameter 1 to be a valid callback, class 'SWELLEnterprise_Admin' does not have a method 'notes_meta_meta_boxes' in /home/greeqhlk/swell.greelogix.com/wp-includes/class-wp-hook.php on line 307
[30-Jan-2022 23:31:58 UTC] cron
[30-Jan-2022 23:31:58 UTC] cron
[30-Jan-2022 23:31:58 UTC] cron
[30-Jan-2022 23:31:58 UTC] cron
[30-Jan-2022 23:31:58 UTC] cron
[30-Jan-2022 23:31:58 UTC] cron
[30-Jan-2022 23:31:58 UTC] cron
[30-Jan-2022 23:31:58 UTC] cron
[30-Jan-2022 23:31:58 UTC] cron
[30-Jan-2022 23:31:58 UTC] cron
[30-Jan-2022 23:31:58 UTC] _site_transient_update_core
[30-Jan-2022 23:31:59 UTC] _site_transient_update_core
[30-Jan-2022 23:31:59 UTC] _site_transient_update_plugins
[30-Jan-2022 23:31:59 UTC] _site_transient_update_plugins
[30-Jan-2022 23:31:59 UTC] _site_transient_update_themes
[30-Jan-2022 23:31:59 UTC] _site_transient_update_plugins
[30-Jan-2022 23:31:59 UTC] cron
[30-Jan-2022 23:31:59 UTC] cron
[30-Jan-2022 23:31:59 UTC] cron
[30-Jan-2022 23:31:59 UTC] cron
[31-Jan-2022 08:16:08 UTC] cron
[31-Jan-2022 08:16:08 UTC] cron
[31-Jan-2022 08:16:08 UTC] cron
[31-Jan-2022 08:16:08 UTC] cron
[31-Jan-2022 08:16:08 UTC] cron
[31-Jan-2022 08:16:08 UTC] cron
[31-Jan-2022 08:16:08 UTC] cron
[31-Jan-2022 08:16:08 UTC] cron
[31-Jan-2022 08:16:08 UTC] cron
[31-Jan-2022 08:16:08 UTC] cron
[31-Jan-2022 08:16:08 UTC] _site_transient_update_core
[31-Jan-2022 08:16:08 UTC] _site_transient_update_plugins
[31-Jan-2022 08:16:09 UTC] _site_transient_update_plugins
[31-Jan-2022 08:16:09 UTC] _site_transient_update_themes
[31-Jan-2022 08:16:09 UTC] _site_transient_update_plugins
[31-Jan-2022 08:16:09 UTC] cron
[31-Jan-2022 08:16:09 UTC] cron
[31-Jan-2022 08:16:09 UTC] _site_transient_update_plugins
[31-Jan-2022 08:16:09 UTC] cron
[31-Jan-2022 08:16:09 UTC] cron
[31-Jan-2022 08:16:09 UTC] cron
[31-Jan-2022 08:16:09 UTC] cron
[31-Jan-2022 08:16:09 UTC] cron
[31-Jan-2022 08:16:09 UTC] cron
[31-Jan-2022 08:16:09 UTC] cron
[31-Jan-2022 08:16:09 UTC] cron
[31-Jan-2022 08:16:09 UTC] cron
[31-Jan-2022 08:16:09 UTC] cron
[31-Jan-2022 08:17:38 UTC] cron
[31-Jan-2022 08:17:38 UTC] cron
[31-Jan-2022 08:17:38 UTC] cron
[31-Jan-2022 08:17:38 UTC] cron
[31-Jan-2022 08:17:50 UTC] cron
[31-Jan-2022 08:17:50 UTC] cron
[31-Jan-2022 08:17:50 UTC] cron
[31-Jan-2022 08:17:50 UTC] cron
[31-Jan-2022 08:19:07 UTC] cron
[31-Jan-2022 08:19:07 UTC] cron
[31-Jan-2022 08:19:07 UTC] cron
[31-Jan-2022 08:19:07 UTC] cron
[31-Jan-2022 08:20:09 UTC] cron
[31-Jan-2022 08:20:09 UTC] cron
[31-Jan-2022 08:20:09 UTC] cron
[31-Jan-2022 08:20:09 UTC] cron
[31-Jan-2022 08:21:07 UTC] cron
[31-Jan-2022 08:21:07 UTC] cron
[31-Jan-2022 08:21:07 UTC] cron
[31-Jan-2022 08:21:07 UTC] cron
[31-Jan-2022 08:22:50 UTC] cron
[31-Jan-2022 08:22:50 UTC] cron
[31-Jan-2022 08:22:50 UTC] cron
[31-Jan-2022 08:22:50 UTC] cron
[31-Jan-2022 08:24:52 UTC] cron
[31-Jan-2022 08:24:52 UTC] cron
[31-Jan-2022 08:24:52 UTC] cron
[31-Jan-2022 08:24:52 UTC] cron
[31-Jan-2022 08:26:26 UTC] cron
[31-Jan-2022 08:26:26 UTC] cron
[31-Jan-2022 08:26:26 UTC] cron
[31-Jan-2022 08:26:26 UTC] cron
[31-Jan-2022 08:27:31 UTC] cron
[31-Jan-2022 08:27:31 UTC] cron
[31-Jan-2022 08:27:31 UTC] cron
[31-Jan-2022 08:27:31 UTC] cron
[31-Jan-2022 08:30:54 UTC] cron
[31-Jan-2022 08:30:54 UTC] cron
[31-Jan-2022 08:30:54 UTC] cron
[31-Jan-2022 08:30:54 UTC] cron
[31-Jan-2022 09:52:55 UTC] cron
[31-Jan-2022 09:52:55 UTC] cron
[31-Jan-2022 09:52:55 UTC] cron
[31-Jan-2022 09:52:55 UTC] cron
[31-Jan-2022 09:52:55 UTC] cron
[31-Jan-2022 09:52:55 UTC] cron
[31-Jan-2022 09:53:41 UTC] _site_transient_update_plugins
[31-Jan-2022 09:53:41 UTC] _site_transient_update_plugins
[31-Jan-2022 09:53:56 UTC] cron
[31-Jan-2022 09:53:56 UTC] cron
[31-Jan-2022 09:53:56 UTC] cron
[31-Jan-2022 09:53:56 UTC] cron
[31-Jan-2022 09:54:50 UTC] cron
[31-Jan-2022 09:54:50 UTC] cron
[31-Jan-2022 09:54:50 UTC] cron
[31-Jan-2022 09:54:50 UTC] cron
[31-Jan-2022 09:55:36 UTC] cron
[31-Jan-2022 09:55:36 UTC] cron
[31-Jan-2022 09:55:42 UTC] recently_edited
[31-Jan-2022 09:57:34 UTC] cron
[31-Jan-2022 09:57:34 UTC] cron
[31-Jan-2022 09:57:34 UTC] cron
[31-Jan-2022 09:57:34 UTC] cron
[31-Jan-2022 09:58:33 UTC] cron
[31-Jan-2022 09:58:33 UTC] cron
[31-Jan-2022 09:58:33 UTC] cron
[31-Jan-2022 09:58:33 UTC] cron
[31-Jan-2022 09:58:43 UTC] recently_edited
[31-Jan-2022 09:59:00 UTC] recently_edited
[31-Jan-2022 09:59:03 UTC] cron
[31-Jan-2022 09:59:03 UTC] cron
[31-Jan-2022 09:59:03 UTC] cron
[31-Jan-2022 09:59:03 UTC] cron
[31-Jan-2022 10:00:16 UTC] cron
[31-Jan-2022 10:00:16 UTC] cron
[31-Jan-2022 10:00:16 UTC] cron
[31-Jan-2022 10:00:16 UTC] cron
[31-Jan-2022 10:01:13 UTC] cron
[31-Jan-2022 10:01:13 UTC] cron
[31-Jan-2022 10:01:13 UTC] cron
[31-Jan-2022 10:01:13 UTC] cron
[31-Jan-2022 10:03:17 UTC] cron
[31-Jan-2022 10:03:17 UTC] cron
[31-Jan-2022 10:03:17 UTC] cron
[31-Jan-2022 10:03:17 UTC] cron
[31-Jan-2022 10:05:21 UTC] cron
[31-Jan-2022 10:05:21 UTC] cron
[31-Jan-2022 10:05:21 UTC] cron
[31-Jan-2022 10:05:21 UTC] cron
[31-Jan-2022 10:07:09 UTC] cron
[31-Jan-2022 10:07:09 UTC] cron
[31-Jan-2022 10:07:09 UTC] cron
[31-Jan-2022 10:07:09 UTC] cron
[31-Jan-2022 10:08:15 UTC] cron
[31-Jan-2022 10:08:15 UTC] cron
[31-Jan-2022 10:08:15 UTC] cron
[31-Jan-2022 10:08:15 UTC] cron
[31-Jan-2022 10:10:12 UTC] cron
[31-Jan-2022 10:10:12 UTC] cron
[31-Jan-2022 10:10:12 UTC] cron
[31-Jan-2022 10:10:12 UTC] cron
[31-Jan-2022 10:12:21 UTC] cron
[31-Jan-2022 10:12:21 UTC] cron
[31-Jan-2022 10:12:21 UTC] cron
[31-Jan-2022 10:12:21 UTC] cron
[31-Jan-2022 10:14:15 UTC] cron
[31-Jan-2022 10:14:15 UTC] cron
[31-Jan-2022 10:14:15 UTC] cron
[31-Jan-2022 10:14:15 UTC] cron
[31-Jan-2022 10:15:12 UTC] cron
[31-Jan-2022 10:15:12 UTC] cron
[31-Jan-2022 10:15:12 UTC] cron
[31-Jan-2022 10:15:12 UTC] cron
[31-Jan-2022 10:17:14 UTC] cron
[31-Jan-2022 10:17:14 UTC] cron
[31-Jan-2022 10:17:14 UTC] cron
[31-Jan-2022 10:17:14 UTC] cron
[31-Jan-2022 10:19:16 UTC] cron
[31-Jan-2022 10:19:16 UTC] cron
[31-Jan-2022 10:19:16 UTC] cron
[31-Jan-2022 10:19:16 UTC] cron
[31-Jan-2022 10:21:16 UTC] cron
[31-Jan-2022 10:21:16 UTC] cron
[31-Jan-2022 10:21:16 UTC] cron
[31-Jan-2022 10:21:16 UTC] cron
[31-Jan-2022 10:23:19 UTC] cron
[31-Jan-2022 10:23:19 UTC] cron
[31-Jan-2022 10:23:19 UTC] cron
[31-Jan-2022 10:23:19 UTC] cron
[31-Jan-2022 10:24:18 UTC] cron
[31-Jan-2022 10:24:18 UTC] cron
[31-Jan-2022 10:24:18 UTC] cron
[31-Jan-2022 10:24:18 UTC] cron
[31-Jan-2022 10:26:18 UTC] cron
[31-Jan-2022 10:26:18 UTC] cron
[31-Jan-2022 10:26:18 UTC] cron
[31-Jan-2022 10:26:18 UTC] cron
[31-Jan-2022 10:28:19 UTC] cron
[31-Jan-2022 10:28:19 UTC] cron
[31-Jan-2022 10:28:19 UTC] cron
[31-Jan-2022 10:28:19 UTC] cron
[31-Jan-2022 10:30:21 UTC] cron
[31-Jan-2022 10:30:21 UTC] cron
[31-Jan-2022 10:30:21 UTC] cron
[31-Jan-2022 10:30:21 UTC] cron
[31-Jan-2022 10:32:21 UTC] cron
[31-Jan-2022 10:32:21 UTC] cron
[31-Jan-2022 10:32:21 UTC] cron
[31-Jan-2022 10:32:21 UTC] cron
[31-Jan-2022 13:02:25 UTC] cron
[31-Jan-2022 13:02:25 UTC] cron
[31-Jan-2022 13:02:25 UTC] cron
[31-Jan-2022 13:02:25 UTC] cron
[31-Jan-2022 13:02:25 UTC] cron
[31-Jan-2022 13:02:25 UTC] cron
[31-Jan-2022 13:03:48 UTC] cron
[31-Jan-2022 13:03:48 UTC] cron
[31-Jan-2022 13:03:48 UTC] cron
[31-Jan-2022 13:03:48 UTC] cron
[31-Jan-2022 13:05:47 UTC] cron
[31-Jan-2022 13:05:47 UTC] cron
[31-Jan-2022 13:05:47 UTC] cron
[31-Jan-2022 13:05:47 UTC] cron
