[22-Aug-2022 11:34:42 UTC] json_encode($request)
[22-Aug-2022 11:34:42 UTC] {"payload":{"id":"wkjK4Q28rB","first_name":null,"last_name":null,"email":"","phone_number":null,"organization":"Byrd Butler Associates","address":null,"city":"Pariatur Magni dolo","state":null,"zip":"13482","status":"5","status_name":"Won","tags":["5104","5106","5139","5140","5141","5143","5144","5147","5151","5154","5155","5156","5158","5166","5183","5184","5197","5216","5250","5251","5252","5253","5255","5256","5257"],"custom_fields":{"Lead custom":null,"Hotline":null,"number":null,"textField":"Qui cumque doloremqu","checkbox":null,"color":null,"pet":"Distinctio Et excep","howDidYouHearAboutUs":"Perferendis qui cupi","customFields":"Est pariatur Quis i"}}}
[22-Aug-2022 11:34:42 UTC] {"id":"wkjK4Q28rB","first_name":null,"last_name":null,"email":"","phone_number":null,"organization":"Byrd Butler Associates","address":null,"city":"Pariatur Magni dolo","state":null,"zip":"13482","status":"5","status_name":"Won","tags":["5104","5106","5139","5140","5141","5143","5144","5147","5151","5154","5155","5156","5158","5166","5183","5184","5197","5216","5250","5251","5252","5253","5255","5256","5257"],"custom_fields":{"Lead custom":null,"Hotline":null,"number":null,"textField":"Qui cumque doloremqu","checkbox":null,"color":null,"pet":"Distinctio Et excep","howDidYouHearAboutUs":"Perferendis qui cupi","customFields":"Est pariatur Quis i"}}
[22-Aug-2022 11:34:42 UTC] ignore_wp_insert 0
[22-Aug-2022 11:34:42 UTC] "wkjK4Q28rB"
[22-Aug-2022 11:34:42 UTC] "meta"
[22-Aug-2022 11:34:42 UTC] []
[22-Aug-2022 11:34:42 UTC] "Post id"
[22-Aug-2022 11:34:42 UTC] null
[22-Aug-2022 11:34:42 UTC] json_encode($request)
[22-Aug-2022 11:34:42 UTC] {"payload":{"id":"wkjK4Q28rB","first_name":null,"last_name":null,"email":"","phone_number":null,"organization":"Byrd Butler Associates","address":null,"city":"Pariatur Magni dolo","state":null,"zip":"13482","status":"5","status_name":"Won","tags":["5104","5106","5139","5140","5141","5143","5144","5147","5151","5154","5155","5156","5158","5166","5183","5184","5197","5216","5250","5251","5252","5253","5255","5256","5257"],"custom_fields":{"Lead custom":null,"Hotline":null,"number":null,"textField":"Qui cumque doloremqu","checkbox":null,"color":null,"pet":"Distinctio Et excep","howDidYouHearAboutUs":"Perferendis qui cupi","customFields":"Est pariatur Quis i"}}}
[22-Aug-2022 11:34:42 UTC] {"id":"wkjK4Q28rB","first_name":null,"last_name":null,"email":"","phone_number":null,"organization":"Byrd Butler Associates","address":null,"city":"Pariatur Magni dolo","state":null,"zip":"13482","status":"5","status_name":"Won","tags":["5104","5106","5139","5140","5141","5143","5144","5147","5151","5154","5155","5156","5158","5166","5183","5184","5197","5216","5250","5251","5252","5253","5255","5256","5257"],"custom_fields":{"Lead custom":null,"Hotline":null,"number":null,"textField":"Qui cumque doloremqu","checkbox":null,"color":null,"pet":"Distinctio Et excep","howDidYouHearAboutUs":"Perferendis qui cupi","customFields":"Est pariatur Quis i"}}
[22-Aug-2022 11:34:42 UTC] ignore_wp_insert 0
[22-Aug-2022 11:34:42 UTC] "wkjK4Q28rB"
[22-Aug-2022 11:34:43 UTC] json_encode($request)
[22-Aug-2022 11:34:43 UTC] {"payload":{"id":"wkjK4Q28rB","first_name":null,"last_name":null,"email":"","phone_number":null,"organization":"Byrd Butler Associates","address":null,"city":"Pariatur Magni dolo","state":null,"zip":"13482","status":"5","status_name":"Won","tags":["5104","5106","5139","5140","5141","5143","5144","5147","5151","5154","5155","5156","5158","5166","5183","5184","5197","5216","5250","5251","5252","5253","5255","5256","5257"],"custom_fields":{"Lead custom":null,"Hotline":null,"number":null,"textField":"Qui cumque doloremqu","checkbox":null,"color":null,"pet":"Distinctio Et excep","howDidYouHearAboutUs":"Perferendis qui cupi","customFields":"Est pariatur Quis i"}}}
[22-Aug-2022 11:34:43 UTC] {"id":"wkjK4Q28rB","first_name":null,"last_name":null,"email":"","phone_number":null,"organization":"Byrd Butler Associates","address":null,"city":"Pariatur Magni dolo","state":null,"zip":"13482","status":"5","status_name":"Won","tags":["5104","5106","5139","5140","5141","5143","5144","5147","5151","5154","5155","5156","5158","5166","5183","5184","5197","5216","5250","5251","5252","5253","5255","5256","5257"],"custom_fields":{"Lead custom":null,"Hotline":null,"number":null,"textField":"Qui cumque doloremqu","checkbox":null,"color":null,"pet":"Distinctio Et excep","howDidYouHearAboutUs":"Perferendis qui cupi","customFields":"Est pariatur Quis i"}}
[22-Aug-2022 11:34:43 UTC] ignore_wp_insert 0
[22-Aug-2022 11:34:43 UTC] "wkjK4Q28rB"
[22-Aug-2022 11:34:43 UTC] json_encode($request)
[22-Aug-2022 11:34:43 UTC] {"payload":{"id":"wkjK4Q28rB","first_name":null,"last_name":null,"email":"","phone_number":null,"organization":"Byrd Butler Associates","address":null,"city":"Pariatur Magni dolo","state":null,"zip":"13482","status":"5","status_name":"Won","tags":["5104","5106","5139","5140","5141","5143","5144","5147","5151","5154","5155","5156","5158","5166","5183","5184","5197","5216","5250","5251","5252","5253","5255","5256","5257"],"custom_fields":{"Lead custom":null,"Hotline":null,"number":null,"textField":"Qui cumque doloremqu","checkbox":null,"color":null,"pet":"Distinctio Et excep","howDidYouHearAboutUs":"Perferendis qui cupi","customFields":"Est pariatur Quis i"}}}
[22-Aug-2022 11:34:43 UTC] {"id":"wkjK4Q28rB","first_name":null,"last_name":null,"email":"","phone_number":null,"organization":"Byrd Butler Associates","address":null,"city":"Pariatur Magni dolo","state":null,"zip":"13482","status":"5","status_name":"Won","tags":["5104","5106","5139","5140","5141","5143","5144","5147","5151","5154","5155","5156","5158","5166","5183","5184","5197","5216","5250","5251","5252","5253","5255","5256","5257"],"custom_fields":{"Lead custom":null,"Hotline":null,"number":null,"textField":"Qui cumque doloremqu","checkbox":null,"color":null,"pet":"Distinctio Et excep","howDidYouHearAboutUs":"Perferendis qui cupi","customFields":"Est pariatur Quis i"}}
[22-Aug-2022 11:34:43 UTC] ignore_wp_insert 0
[22-Aug-2022 11:34:43 UTC] "wkjK4Q28rB"
[22-Aug-2022 11:34:56 UTC] json_encode($request)
[22-Aug-2022 11:34:56 UTC] {"payload":{"id":"wkjK4Q28rB","first_name":null,"last_name":null,"email":"","phone_number":null,"organization":"Byrd Butler Associates","address":null,"city":"Pariatur Magni dolo","state":null,"zip":"13482","status":"5","status_name":"Won","tags":["5104","5106","5139","5140","5141","5143","5144","5147","5151","5154","5155","5156","5158","5166","5183","5184","5197","5216","5250","5251","5252","5253","5255","5256","5257"],"custom_fields":{"Lead custom":null,"Hotline":null,"number":null,"textField":"Qui cumque doloremqu","checkbox":null,"color":null,"pet":"Distinctio Et excep","howDidYouHearAboutUs":"Perferendis qui cupi","customFields":"Est pariatur Quis i"}}}
[22-Aug-2022 11:34:56 UTC] {"id":"wkjK4Q28rB","first_name":null,"last_name":null,"email":"","phone_number":null,"organization":"Byrd Butler Associates","address":null,"city":"Pariatur Magni dolo","state":null,"zip":"13482","status":"5","status_name":"Won","tags":["5104","5106","5139","5140","5141","5143","5144","5147","5151","5154","5155","5156","5158","5166","5183","5184","5197","5216","5250","5251","5252","5253","5255","5256","5257"],"custom_fields":{"Lead custom":null,"Hotline":null,"number":null,"textField":"Qui cumque doloremqu","checkbox":null,"color":null,"pet":"Distinctio Et excep","howDidYouHearAboutUs":"Perferendis qui cupi","customFields":"Est pariatur Quis i"}}
[22-Aug-2022 11:34:56 UTC] ignore_wp_insert 0
[22-Aug-2022 11:34:56 UTC] "wkjK4Q28rB"
[22-Aug-2022 13:38:51 UTC] "Tasks Endpoint"
[22-Aug-2022 13:38:51 UTC] {"payload":{"title":"task 2","start":"2022-08-23","end":"2022-08-25","assignees":[2051],"start_time":"14:08","end_time":"14:10","status":"","status_name":"","details":"<p>eeee<\/p>\r\n","user_id":2051,"company_id":1884,"updated_at":"2022-08-22T13:38:44.000000Z","created_at":"2022-08-22T13:38:44.000000Z","id":"V5jBO1g8pK","attach":"Lead","attach_id":"wRj2M1Yvre"}}
[22-Aug-2022 13:38:51 UTC] "Tasks Endpoint"
[22-Aug-2022 13:38:51 UTC] {"payload":{"title":"task 2","start":"2022-08-23","end":"2022-08-25","assignees":[2051],"start_time":"14:08","end_time":"14:10","status":"","status_name":"","details":"<p>eeee<\/p>\r\n","user_id":2051,"company_id":1884,"updated_at":"2022-08-22T13:38:37.000000Z","created_at":"2022-08-22T13:38:37.000000Z","id":"YBvklddjKd","attach":"Lead","attach_id":"wRj2M1Yvre"}}
[22-Aug-2022 13:38:51 UTC] "Tasks Endpoint"
[22-Aug-2022 13:38:51 UTC] {"payload":{"title":"task 2","start":"2022-08-23","end":"2022-08-25","assignees":[2051],"start_time":"14:08","end_time":"14:10","status":"","status_name":"","details":"<p>eeee<\/p>\r\n","user_id":2051,"company_id":1884,"updated_at":"2022-08-22T13:38:40.000000Z","created_at":"2022-08-22T13:38:40.000000Z","id":"PKjg59GXVZ","attach":"Lead","attach_id":"wRj2M1Yvre"}}
[22-Aug-2022 13:38:51 UTC] {"title":"task 2","start":"2022-08-23","end":"2022-08-25","assignees":[2051],"start_time":"14:08","end_time":"14:10","status":"","status_name":"","details":"<p>eeee<\/p>\r\n","user_id":2051,"company_id":1884,"updated_at":"2022-08-22T13:38:44.000000Z","created_at":"2022-08-22T13:38:44.000000Z","id":"V5jBO1g8pK","attach":"Lead","attach_id":"wRj2M1Yvre"}
[22-Aug-2022 13:38:51 UTC] {"title":"task 2","start":"2022-08-23","end":"2022-08-25","assignees":[2051],"start_time":"14:08","end_time":"14:10","status":"","status_name":"","details":"<p>eeee<\/p>\r\n","user_id":2051,"company_id":1884,"updated_at":"2022-08-22T13:38:37.000000Z","created_at":"2022-08-22T13:38:37.000000Z","id":"YBvklddjKd","attach":"Lead","attach_id":"wRj2M1Yvre"}
[22-Aug-2022 13:38:51 UTC] "Tasks Endpoint"
[22-Aug-2022 13:38:51 UTC] {"payload":{"title":"task 2","start":"2022-08-23","end":"2022-08-25","assignees":[2051],"start_time":"14:08","end_time":"14:10","status":"","status_name":"","details":"<p>eeee<\/p>\r\n","user_id":2051,"company_id":1884,"updated_at":"2022-08-22T13:38:47.000000Z","created_at":"2022-08-22T13:38:47.000000Z","id":"knjaR2B8py","attach":"Lead","attach_id":"wRj2M1Yvre"}}
[22-Aug-2022 13:38:51 UTC] {"title":"task 2","start":"2022-08-23","end":"2022-08-25","assignees":[2051],"start_time":"14:08","end_time":"14:10","status":"","status_name":"","details":"<p>eeee<\/p>\r\n","user_id":2051,"company_id":1884,"updated_at":"2022-08-22T13:38:40.000000Z","created_at":"2022-08-22T13:38:40.000000Z","id":"PKjg59GXVZ","attach":"Lead","attach_id":"wRj2M1Yvre"}
[22-Aug-2022 13:38:51 UTC] "Tasks Endpoint"
[22-Aug-2022 13:38:51 UTC] {"payload":{"title":"task 2","start":"2022-08-23","end":"2022-08-25","assignees":[2051],"start_time":"14:08","end_time":"14:10","status":"","status_name":"","details":"<p>eeee<\/p>\r\n","user_id":2051,"company_id":1884,"updated_at":"2022-08-22T13:38:48.000000Z","created_at":"2022-08-22T13:38:48.000000Z","id":"mVjLyge8P7","attach":"Lead","attach_id":"wRj2M1Yvre"}}
[22-Aug-2022 13:38:51 UTC] {"title":"task 2","start":"2022-08-23","end":"2022-08-25","assignees":[2051],"start_time":"14:08","end_time":"14:10","status":"","status_name":"","details":"<p>eeee<\/p>\r\n","user_id":2051,"company_id":1884,"updated_at":"2022-08-22T13:38:47.000000Z","created_at":"2022-08-22T13:38:47.000000Z","id":"knjaR2B8py","attach":"Lead","attach_id":"wRj2M1Yvre"}
[22-Aug-2022 13:38:51 UTC] {"title":"task 2","start":"2022-08-23","end":"2022-08-25","assignees":[2051],"start_time":"14:08","end_time":"14:10","status":"","status_name":"","details":"<p>eeee<\/p>\r\n","user_id":2051,"company_id":1884,"updated_at":"2022-08-22T13:38:48.000000Z","created_at":"2022-08-22T13:38:48.000000Z","id":"mVjLyge8P7","attach":"Lead","attach_id":"wRj2M1Yvre"}
[22-Aug-2022 13:38:51 UTC] "Tasks Endpoint"
[22-Aug-2022 13:38:51 UTC] {"payload":{"title":"task 2","start":"2022-08-23","end":"2022-08-25","assignees":[2051],"start_time":"14:08","end_time":"14:10","status":"","status_name":"","details":"<p>eeee<\/p>\r\n","user_id":2051,"company_id":1884,"updated_at":"2022-08-22T13:38:37.000000Z","created_at":"2022-08-22T13:38:37.000000Z","id":"YBvklddjKd","attach":"Lead","attach_id":"wRj2M1Yvre"}}
[22-Aug-2022 13:38:51 UTC] "Tasks Endpoint"
[22-Aug-2022 13:38:51 UTC] {"payload":{"title":"task 2","start":"2022-08-23","end":"2022-08-25","assignees":[2051],"start_time":"14:08","end_time":"14:10","status":"","status_name":"","details":"<p>eeee<\/p>\r\n","user_id":2051,"company_id":1884,"updated_at":"2022-08-22T13:38:44.000000Z","created_at":"2022-08-22T13:38:44.000000Z","id":"V5jBO1g8pK","attach":"Lead","attach_id":"wRj2M1Yvre"}}
[22-Aug-2022 13:38:51 UTC] {"title":"task 2","start":"2022-08-23","end":"2022-08-25","assignees":[2051],"start_time":"14:08","end_time":"14:10","status":"","status_name":"","details":"<p>eeee<\/p>\r\n","user_id":2051,"company_id":1884,"updated_at":"2022-08-22T13:38:37.000000Z","created_at":"2022-08-22T13:38:37.000000Z","id":"YBvklddjKd","attach":"Lead","attach_id":"wRj2M1Yvre"}
[22-Aug-2022 13:38:51 UTC] "Tasks Endpoint"
[22-Aug-2022 13:38:51 UTC] {"payload":{"title":"task 2","start":"2022-08-23","end":"2022-08-25","assignees":[2051],"start_time":"14:08","end_time":"14:10","status":"","status_name":"","details":"<p>eeee<\/p>\r\n","user_id":2051,"company_id":1884,"updated_at":"2022-08-22T13:38:40.000000Z","created_at":"2022-08-22T13:38:40.000000Z","id":"PKjg59GXVZ","attach":"Lead","attach_id":"wRj2M1Yvre"}}
[22-Aug-2022 13:38:51 UTC] {"title":"task 2","start":"2022-08-23","end":"2022-08-25","assignees":[2051],"start_time":"14:08","end_time":"14:10","status":"","status_name":"","details":"<p>eeee<\/p>\r\n","user_id":2051,"company_id":1884,"updated_at":"2022-08-22T13:38:44.000000Z","created_at":"2022-08-22T13:38:44.000000Z","id":"V5jBO1g8pK","attach":"Lead","attach_id":"wRj2M1Yvre"}
[22-Aug-2022 13:38:51 UTC] "Tasks Endpoint"
[22-Aug-2022 13:38:51 UTC] {"payload":{"title":"task 2","start":"2022-08-23","end":"2022-08-25","assignees":[2051],"start_time":"14:08","end_time":"14:10","status":"","status_name":"","details":"<p>eeee<\/p>\r\n","user_id":2051,"company_id":1884,"updated_at":"2022-08-22T13:38:48.000000Z","created_at":"2022-08-22T13:38:48.000000Z","id":"mVjLyge8P7","attach":"Lead","attach_id":"wRj2M1Yvre"}}
[22-Aug-2022 13:38:51 UTC] "Tasks Endpoint"
[22-Aug-2022 13:38:51 UTC] {"payload":{"title":"task 2","start":"2022-08-23","end":"2022-08-25","assignees":[2051],"start_time":"14:08","end_time":"14:10","status":"","status_name":"","details":"<p>eeee<\/p>\r\n","user_id":2051,"company_id":1884,"updated_at":"2022-08-22T13:38:47.000000Z","created_at":"2022-08-22T13:38:47.000000Z","id":"knjaR2B8py","attach":"Lead","attach_id":"wRj2M1Yvre"}}
[22-Aug-2022 13:38:51 UTC] {"title":"task 2","start":"2022-08-23","end":"2022-08-25","assignees":[2051],"start_time":"14:08","end_time":"14:10","status":"","status_name":"","details":"<p>eeee<\/p>\r\n","user_id":2051,"company_id":1884,"updated_at":"2022-08-22T13:38:40.000000Z","created_at":"2022-08-22T13:38:40.000000Z","id":"PKjg59GXVZ","attach":"Lead","attach_id":"wRj2M1Yvre"}
[22-Aug-2022 13:38:51 UTC] {"title":"task 2","start":"2022-08-23","end":"2022-08-25","assignees":[2051],"start_time":"14:08","end_time":"14:10","status":"","status_name":"","details":"<p>eeee<\/p>\r\n","user_id":2051,"company_id":1884,"updated_at":"2022-08-22T13:38:48.000000Z","created_at":"2022-08-22T13:38:48.000000Z","id":"mVjLyge8P7","attach":"Lead","attach_id":"wRj2M1Yvre"}
[22-Aug-2022 13:38:51 UTC] {"title":"task 2","start":"2022-08-23","end":"2022-08-25","assignees":[2051],"start_time":"14:08","end_time":"14:10","status":"","status_name":"","details":"<p>eeee<\/p>\r\n","user_id":2051,"company_id":1884,"updated_at":"2022-08-22T13:38:47.000000Z","created_at":"2022-08-22T13:38:47.000000Z","id":"knjaR2B8py","attach":"Lead","attach_id":"wRj2M1Yvre"}
[22-Aug-2022 13:38:51 UTC] "Tasks Endpoint"
[22-Aug-2022 13:38:51 UTC] {"payload":{"title":"task 2","start":"2022-08-23","end":"2022-08-25","assignees":[2051],"start_time":"14:08","end_time":"14:10","status":"","status_name":"","details":"<p>eeee<\/p>\r\n","user_id":2051,"company_id":1884,"updated_at":"2022-08-22T13:38:37.000000Z","created_at":"2022-08-22T13:38:37.000000Z","id":"YBvklddjKd","attach":"Lead","attach_id":"wRj2M1Yvre"}}
[22-Aug-2022 13:38:51 UTC] "Tasks Endpoint"
[22-Aug-2022 13:38:51 UTC] {"payload":{"title":"task 2","start":"2022-08-23","end":"2022-08-25","assignees":[2051],"start_time":"14:08","end_time":"14:10","status":"","status_name":"","details":"<p>eeee<\/p>\r\n","user_id":2051,"company_id":1884,"updated_at":"2022-08-22T13:38:40.000000Z","created_at":"2022-08-22T13:38:40.000000Z","id":"PKjg59GXVZ","attach":"Lead","attach_id":"wRj2M1Yvre"}}
[22-Aug-2022 13:38:51 UTC] {"title":"task 2","start":"2022-08-23","end":"2022-08-25","assignees":[2051],"start_time":"14:08","end_time":"14:10","status":"","status_name":"","details":"<p>eeee<\/p>\r\n","user_id":2051,"company_id":1884,"updated_at":"2022-08-22T13:38:37.000000Z","created_at":"2022-08-22T13:38:37.000000Z","id":"YBvklddjKd","attach":"Lead","attach_id":"wRj2M1Yvre"}
[22-Aug-2022 13:38:51 UTC] {"title":"task 2","start":"2022-08-23","end":"2022-08-25","assignees":[2051],"start_time":"14:08","end_time":"14:10","status":"","status_name":"","details":"<p>eeee<\/p>\r\n","user_id":2051,"company_id":1884,"updated_at":"2022-08-22T13:38:40.000000Z","created_at":"2022-08-22T13:38:40.000000Z","id":"PKjg59GXVZ","attach":"Lead","attach_id":"wRj2M1Yvre"}
[22-Aug-2022 13:38:51 UTC] "Tasks Endpoint"
[22-Aug-2022 13:38:51 UTC] {"payload":{"title":"task 2","start":"2022-08-23","end":"2022-08-25","assignees":[2051],"start_time":"14:08","end_time":"14:10","status":"","status_name":"","details":"<p>eeee<\/p>\r\n","user_id":2051,"company_id":1884,"updated_at":"2022-08-22T13:38:44.000000Z","created_at":"2022-08-22T13:38:44.000000Z","id":"V5jBO1g8pK","attach":"Lead","attach_id":"wRj2M1Yvre"}}
[22-Aug-2022 13:38:51 UTC] "Tasks Endpoint"
[22-Aug-2022 13:38:51 UTC] {"payload":{"title":"task 2","start":"2022-08-23","end":"2022-08-25","assignees":[2051],"start_time":"14:08","end_time":"14:10","status":"","status_name":"","details":"<p>eeee<\/p>\r\n","user_id":2051,"company_id":1884,"updated_at":"2022-08-22T13:38:48.000000Z","created_at":"2022-08-22T13:38:48.000000Z","id":"mVjLyge8P7","attach":"Lead","attach_id":"wRj2M1Yvre"}}
[22-Aug-2022 13:38:52 UTC] {"title":"task 2","start":"2022-08-23","end":"2022-08-25","assignees":[2051],"start_time":"14:08","end_time":"14:10","status":"","status_name":"","details":"<p>eeee<\/p>\r\n","user_id":2051,"company_id":1884,"updated_at":"2022-08-22T13:38:44.000000Z","created_at":"2022-08-22T13:38:44.000000Z","id":"V5jBO1g8pK","attach":"Lead","attach_id":"wRj2M1Yvre"}
[22-Aug-2022 13:38:52 UTC] {"title":"task 2","start":"2022-08-23","end":"2022-08-25","assignees":[2051],"start_time":"14:08","end_time":"14:10","status":"","status_name":"","details":"<p>eeee<\/p>\r\n","user_id":2051,"company_id":1884,"updated_at":"2022-08-22T13:38:48.000000Z","created_at":"2022-08-22T13:38:48.000000Z","id":"mVjLyge8P7","attach":"Lead","attach_id":"wRj2M1Yvre"}
[22-Aug-2022 13:38:52 UTC] "Tasks Endpoint"
[22-Aug-2022 13:38:52 UTC] {"payload":{"title":"task 2","start":"2022-08-23","end":"2022-08-25","assignees":[2051],"start_time":"14:08","end_time":"14:10","status":"","status_name":"","details":"<p>eeee<\/p>\r\n","user_id":2051,"company_id":1884,"updated_at":"2022-08-22T13:38:47.000000Z","created_at":"2022-08-22T13:38:47.000000Z","id":"knjaR2B8py","attach":"Lead","attach_id":"wRj2M1Yvre"}}
[22-Aug-2022 13:38:52 UTC] {"title":"task 2","start":"2022-08-23","end":"2022-08-25","assignees":[2051],"start_time":"14:08","end_time":"14:10","status":"","status_name":"","details":"<p>eeee<\/p>\r\n","user_id":2051,"company_id":1884,"updated_at":"2022-08-22T13:38:47.000000Z","created_at":"2022-08-22T13:38:47.000000Z","id":"knjaR2B8py","attach":"Lead","attach_id":"wRj2M1Yvre"}
[22-Aug-2022 13:38:52 UTC] "Tasks Endpoint"
[22-Aug-2022 13:38:52 UTC] {"payload":{"title":"task 2","start":"2022-08-23","end":"2022-08-25","assignees":[2051],"start_time":"14:08","end_time":"14:10","status":"","status_name":"","details":"<p>eeee<\/p>\r\n","user_id":2051,"company_id":1884,"updated_at":"2022-08-22T13:38:40.000000Z","created_at":"2022-08-22T13:38:40.000000Z","id":"PKjg59GXVZ","attach":"Lead","attach_id":"wRj2M1Yvre"}}
[22-Aug-2022 13:38:52 UTC] "Tasks Endpoint"
[22-Aug-2022 13:38:52 UTC] {"payload":{"title":"task 2","start":"2022-08-23","end":"2022-08-25","assignees":[2051],"start_time":"14:08","end_time":"14:10","status":"","status_name":"","details":"<p>eeee<\/p>\r\n","user_id":2051,"company_id":1884,"updated_at":"2022-08-22T13:38:37.000000Z","created_at":"2022-08-22T13:38:37.000000Z","id":"YBvklddjKd","attach":"Lead","attach_id":"wRj2M1Yvre"}}
[22-Aug-2022 13:38:52 UTC] {"title":"task 2","start":"2022-08-23","end":"2022-08-25","assignees":[2051],"start_time":"14:08","end_time":"14:10","status":"","status_name":"","details":"<p>eeee<\/p>\r\n","user_id":2051,"company_id":1884,"updated_at":"2022-08-22T13:38:37.000000Z","created_at":"2022-08-22T13:38:37.000000Z","id":"YBvklddjKd","attach":"Lead","attach_id":"wRj2M1Yvre"}
[22-Aug-2022 13:38:52 UTC] {"title":"task 2","start":"2022-08-23","end":"2022-08-25","assignees":[2051],"start_time":"14:08","end_time":"14:10","status":"","status_name":"","details":"<p>eeee<\/p>\r\n","user_id":2051,"company_id":1884,"updated_at":"2022-08-22T13:38:40.000000Z","created_at":"2022-08-22T13:38:40.000000Z","id":"PKjg59GXVZ","attach":"Lead","attach_id":"wRj2M1Yvre"}
[22-Aug-2022 13:38:52 UTC] "Tasks Endpoint"
[22-Aug-2022 13:38:52 UTC] {"payload":{"title":"task 2","start":"2022-08-23","end":"2022-08-25","assignees":[2051],"start_time":"14:08","end_time":"14:10","status":"","status_name":"","details":"<p>eeee<\/p>\r\n","user_id":2051,"company_id":1884,"updated_at":"2022-08-22T13:38:44.000000Z","created_at":"2022-08-22T13:38:44.000000Z","id":"V5jBO1g8pK","attach":"Lead","attach_id":"wRj2M1Yvre"}}
[22-Aug-2022 13:38:52 UTC] {"title":"task 2","start":"2022-08-23","end":"2022-08-25","assignees":[2051],"start_time":"14:08","end_time":"14:10","status":"","status_name":"","details":"<p>eeee<\/p>\r\n","user_id":2051,"company_id":1884,"updated_at":"2022-08-22T13:38:44.000000Z","created_at":"2022-08-22T13:38:44.000000Z","id":"V5jBO1g8pK","attach":"Lead","attach_id":"wRj2M1Yvre"}
[22-Aug-2022 13:38:52 UTC] "Tasks Endpoint"
[22-Aug-2022 13:38:52 UTC] {"payload":{"title":"task 2","start":"2022-08-23","end":"2022-08-25","assignees":[2051],"start_time":"14:08","end_time":"14:10","status":"","status_name":"","details":"<p>eeee<\/p>\r\n","user_id":2051,"company_id":1884,"updated_at":"2022-08-22T13:38:48.000000Z","created_at":"2022-08-22T13:38:48.000000Z","id":"mVjLyge8P7","attach":"Lead","attach_id":"wRj2M1Yvre"}}
[22-Aug-2022 13:38:52 UTC] "Tasks Endpoint"
[22-Aug-2022 13:38:52 UTC] {"payload":{"title":"task 2","start":"2022-08-23","end":"2022-08-25","assignees":[2051],"start_time":"14:08","end_time":"14:10","status":"","status_name":"","details":"<p>eeee<\/p>\r\n","user_id":2051,"company_id":1884,"updated_at":"2022-08-22T13:38:47.000000Z","created_at":"2022-08-22T13:38:47.000000Z","id":"knjaR2B8py","attach":"Lead","attach_id":"wRj2M1Yvre"}}
[22-Aug-2022 13:38:52 UTC] {"title":"task 2","start":"2022-08-23","end":"2022-08-25","assignees":[2051],"start_time":"14:08","end_time":"14:10","status":"","status_name":"","details":"<p>eeee<\/p>\r\n","user_id":2051,"company_id":1884,"updated_at":"2022-08-22T13:38:48.000000Z","created_at":"2022-08-22T13:38:48.000000Z","id":"mVjLyge8P7","attach":"Lead","attach_id":"wRj2M1Yvre"}
[22-Aug-2022 13:38:52 UTC] {"title":"task 2","start":"2022-08-23","end":"2022-08-25","assignees":[2051],"start_time":"14:08","end_time":"14:10","status":"","status_name":"","details":"<p>eeee<\/p>\r\n","user_id":2051,"company_id":1884,"updated_at":"2022-08-22T13:38:47.000000Z","created_at":"2022-08-22T13:38:47.000000Z","id":"knjaR2B8py","attach":"Lead","attach_id":"wRj2M1Yvre"}
[22-Aug-2022 13:39:09 UTC] "Tasks Endpoint"
[22-Aug-2022 13:39:09 UTC] {"payload":{"title":"task 2","start":"2022-08-23","end":"2022-08-25","assignees":[2051],"start_time":"14:08","end_time":"14:10","status":"","status_name":"","details":"<p>eeee<\/p>\r\n","user_id":2051,"company_id":1884,"updated_at":"2022-08-22T13:38:37.000000Z","created_at":"2022-08-22T13:38:37.000000Z","id":"YBvklddjKd","attach":"Lead","attach_id":"wRj2M1Yvre"}}
[22-Aug-2022 13:39:09 UTC] {"title":"task 2","start":"2022-08-23","end":"2022-08-25","assignees":[2051],"start_time":"14:08","end_time":"14:10","status":"","status_name":"","details":"<p>eeee<\/p>\r\n","user_id":2051,"company_id":1884,"updated_at":"2022-08-22T13:38:37.000000Z","created_at":"2022-08-22T13:38:37.000000Z","id":"YBvklddjKd","attach":"Lead","attach_id":"wRj2M1Yvre"}
[22-Aug-2022 13:39:09 UTC] "Tasks Endpoint"
[22-Aug-2022 13:39:09 UTC] {"payload":{"title":"task 2","start":"2022-08-23","end":"2022-08-25","assignees":[2051],"start_time":"14:08","end_time":"14:10","status":"","status_name":"","details":"<p>eeee<\/p>\r\n","user_id":2051,"company_id":1884,"updated_at":"2022-08-22T13:38:48.000000Z","created_at":"2022-08-22T13:38:48.000000Z","id":"mVjLyge8P7","attach":"Lead","attach_id":"wRj2M1Yvre"}}
[22-Aug-2022 13:39:09 UTC] {"title":"task 2","start":"2022-08-23","end":"2022-08-25","assignees":[2051],"start_time":"14:08","end_time":"14:10","status":"","status_name":"","details":"<p>eeee<\/p>\r\n","user_id":2051,"company_id":1884,"updated_at":"2022-08-22T13:38:48.000000Z","created_at":"2022-08-22T13:38:48.000000Z","id":"mVjLyge8P7","attach":"Lead","attach_id":"wRj2M1Yvre"}
[22-Aug-2022 13:39:09 UTC] "Tasks Endpoint"
[22-Aug-2022 13:39:09 UTC] {"payload":{"title":"task 2","start":"2022-08-23","end":"2022-08-25","assignees":[2051],"start_time":"14:08","end_time":"14:10","status":"","status_name":"","details":"<p>eeee<\/p>\r\n","user_id":2051,"company_id":1884,"updated_at":"2022-08-22T13:38:40.000000Z","created_at":"2022-08-22T13:38:40.000000Z","id":"PKjg59GXVZ","attach":"Lead","attach_id":"wRj2M1Yvre"}}
[22-Aug-2022 13:39:09 UTC] "Tasks Endpoint"
[22-Aug-2022 13:39:09 UTC] {"payload":{"title":"task 2","start":"2022-08-23","end":"2022-08-25","assignees":[2051],"start_time":"14:08","end_time":"14:10","status":"","status_name":"","details":"<p>eeee<\/p>\r\n","user_id":2051,"company_id":1884,"updated_at":"2022-08-22T13:38:47.000000Z","created_at":"2022-08-22T13:38:47.000000Z","id":"knjaR2B8py","attach":"Lead","attach_id":"wRj2M1Yvre"}}
[22-Aug-2022 13:39:09 UTC] "Tasks Endpoint"
[22-Aug-2022 13:39:09 UTC] {"payload":{"title":"task 2","start":"2022-08-23","end":"2022-08-25","assignees":[2051],"start_time":"14:08","end_time":"14:10","status":"","status_name":"","details":"<p>eeee<\/p>\r\n","user_id":2051,"company_id":1884,"updated_at":"2022-08-22T13:38:44.000000Z","created_at":"2022-08-22T13:38:44.000000Z","id":"V5jBO1g8pK","attach":"Lead","attach_id":"wRj2M1Yvre"}}
[22-Aug-2022 13:39:09 UTC] {"title":"task 2","start":"2022-08-23","end":"2022-08-25","assignees":[2051],"start_time":"14:08","end_time":"14:10","status":"","status_name":"","details":"<p>eeee<\/p>\r\n","user_id":2051,"company_id":1884,"updated_at":"2022-08-22T13:38:40.000000Z","created_at":"2022-08-22T13:38:40.000000Z","id":"PKjg59GXVZ","attach":"Lead","attach_id":"wRj2M1Yvre"}
[22-Aug-2022 13:39:09 UTC] {"title":"task 2","start":"2022-08-23","end":"2022-08-25","assignees":[2051],"start_time":"14:08","end_time":"14:10","status":"","status_name":"","details":"<p>eeee<\/p>\r\n","user_id":2051,"company_id":1884,"updated_at":"2022-08-22T13:38:47.000000Z","created_at":"2022-08-22T13:38:47.000000Z","id":"knjaR2B8py","attach":"Lead","attach_id":"wRj2M1Yvre"}
[22-Aug-2022 13:39:09 UTC] {"title":"task 2","start":"2022-08-23","end":"2022-08-25","assignees":[2051],"start_time":"14:08","end_time":"14:10","status":"","status_name":"","details":"<p>eeee<\/p>\r\n","user_id":2051,"company_id":1884,"updated_at":"2022-08-22T13:38:44.000000Z","created_at":"2022-08-22T13:38:44.000000Z","id":"V5jBO1g8pK","attach":"Lead","attach_id":"wRj2M1Yvre"}
[22-Aug-2022 13:39:14 UTC] "Tasks Endpoint"
[22-Aug-2022 13:39:14 UTC] {"payload":{"title":"task 2","start":"2022-08-23","end":"2022-08-25","assignees":[2051],"start_time":"14:08","end_time":"14:10","status":"","status_name":"","details":"<p>eeee<\/p>\r\n","user_id":2051,"company_id":1884,"updated_at":"2022-08-22T13:39:11.000000Z","created_at":"2022-08-22T13:39:11.000000Z","id":"6NvzBG4v2y","attach":"Lead","attach_id":"wRj2M1Yvre"}}
[22-Aug-2022 13:39:14 UTC] {"title":"task 2","start":"2022-08-23","end":"2022-08-25","assignees":[2051],"start_time":"14:08","end_time":"14:10","status":"","status_name":"","details":"<p>eeee<\/p>\r\n","user_id":2051,"company_id":1884,"updated_at":"2022-08-22T13:39:11.000000Z","created_at":"2022-08-22T13:39:11.000000Z","id":"6NvzBG4v2y","attach":"Lead","attach_id":"wRj2M1Yvre"}
[22-Aug-2022 13:39:14 UTC] "Tasks Endpoint"
[22-Aug-2022 13:39:14 UTC] {"payload":{"title":"task 2","start":"2022-08-23","end":"2022-08-25","assignees":[2051],"start_time":"14:08","end_time":"14:10","status":"","status_name":"","details":"<p>eeee<\/p>\r\n","user_id":2051,"company_id":1884,"updated_at":"2022-08-22T13:39:11.000000Z","created_at":"2022-08-22T13:39:11.000000Z","id":"o5vY1MavAG","attach":"Lead","attach_id":"wRj2M1Yvre"}}
[22-Aug-2022 13:39:14 UTC] {"title":"task 2","start":"2022-08-23","end":"2022-08-25","assignees":[2051],"start_time":"14:08","end_time":"14:10","status":"","status_name":"","details":"<p>eeee<\/p>\r\n","user_id":2051,"company_id":1884,"updated_at":"2022-08-22T13:39:11.000000Z","created_at":"2022-08-22T13:39:11.000000Z","id":"o5vY1MavAG","attach":"Lead","attach_id":"wRj2M1Yvre"}
[22-Aug-2022 13:39:14 UTC] "Tasks Endpoint"
[22-Aug-2022 13:39:14 UTC] {"payload":{"title":"task 2","start":"2022-08-23","end":"2022-08-25","assignees":[2051],"start_time":"14:08","end_time":"14:10","status":"","status_name":"","details":"<p>eeee<\/p>\r\n","user_id":2051,"company_id":1884,"updated_at":"2022-08-22T13:39:11.000000Z","created_at":"2022-08-22T13:39:11.000000Z","id":"6NvzBG4v2y","attach":"Lead","attach_id":"wRj2M1Yvre"}}
[22-Aug-2022 13:39:14 UTC] {"title":"task 2","start":"2022-08-23","end":"2022-08-25","assignees":[2051],"start_time":"14:08","end_time":"14:10","status":"","status_name":"","details":"<p>eeee<\/p>\r\n","user_id":2051,"company_id":1884,"updated_at":"2022-08-22T13:39:11.000000Z","created_at":"2022-08-22T13:39:11.000000Z","id":"6NvzBG4v2y","attach":"Lead","attach_id":"wRj2M1Yvre"}
[22-Aug-2022 13:39:14 UTC] "Tasks Endpoint"
[22-Aug-2022 13:39:14 UTC] {"payload":{"title":"task 2","start":"2022-08-23","end":"2022-08-25","assignees":[2051],"start_time":"14:08","end_time":"14:10","status":"","status_name":"","details":"<p>eeee<\/p>\r\n","user_id":2051,"company_id":1884,"updated_at":"2022-08-22T13:39:11.000000Z","created_at":"2022-08-22T13:39:11.000000Z","id":"o5vY1MavAG","attach":"Lead","attach_id":"wRj2M1Yvre"}}
[22-Aug-2022 13:39:14 UTC] {"title":"task 2","start":"2022-08-23","end":"2022-08-25","assignees":[2051],"start_time":"14:08","end_time":"14:10","status":"","status_name":"","details":"<p>eeee<\/p>\r\n","user_id":2051,"company_id":1884,"updated_at":"2022-08-22T13:39:11.000000Z","created_at":"2022-08-22T13:39:11.000000Z","id":"o5vY1MavAG","attach":"Lead","attach_id":"wRj2M1Yvre"}
[22-Aug-2022 13:39:14 UTC] "Tasks Endpoint"
[22-Aug-2022 13:39:14 UTC] {"payload":{"title":"task 2","start":"2022-08-23","end":"2022-08-25","assignees":[2051],"start_time":"14:08","end_time":"14:10","status":"","status_name":"","details":"<p>eeee<\/p>\r\n","user_id":2051,"company_id":1884,"updated_at":"2022-08-22T13:39:11.000000Z","created_at":"2022-08-22T13:39:11.000000Z","id":"6NvzBG4v2y","attach":"Lead","attach_id":"wRj2M1Yvre"}}
[22-Aug-2022 13:39:14 UTC] {"title":"task 2","start":"2022-08-23","end":"2022-08-25","assignees":[2051],"start_time":"14:08","end_time":"14:10","status":"","status_name":"","details":"<p>eeee<\/p>\r\n","user_id":2051,"company_id":1884,"updated_at":"2022-08-22T13:39:11.000000Z","created_at":"2022-08-22T13:39:11.000000Z","id":"6NvzBG4v2y","attach":"Lead","attach_id":"wRj2M1Yvre"}
[22-Aug-2022 13:39:14 UTC] "Tasks Endpoint"
[22-Aug-2022 13:39:14 UTC] {"payload":{"title":"task 2","start":"2022-08-23","end":"2022-08-25","assignees":[2051],"start_time":"14:08","end_time":"14:10","status":"","status_name":"","details":"<p>eeee<\/p>\r\n","user_id":2051,"company_id":1884,"updated_at":"2022-08-22T13:39:11.000000Z","created_at":"2022-08-22T13:39:11.000000Z","id":"o5vY1MavAG","attach":"Lead","attach_id":"wRj2M1Yvre"}}
[22-Aug-2022 13:39:14 UTC] {"title":"task 2","start":"2022-08-23","end":"2022-08-25","assignees":[2051],"start_time":"14:08","end_time":"14:10","status":"","status_name":"","details":"<p>eeee<\/p>\r\n","user_id":2051,"company_id":1884,"updated_at":"2022-08-22T13:39:11.000000Z","created_at":"2022-08-22T13:39:11.000000Z","id":"o5vY1MavAG","attach":"Lead","attach_id":"wRj2M1Yvre"}
[22-Aug-2022 13:39:14 UTC] "Tasks Endpoint"
[22-Aug-2022 13:39:14 UTC] {"payload":{"title":"task 2","start":"2022-08-23","end":"2022-08-25","assignees":[2051],"start_time":"14:08","end_time":"14:10","status":"","status_name":"","details":"<p>eeee<\/p>\r\n","user_id":2051,"company_id":1884,"updated_at":"2022-08-22T13:39:11.000000Z","created_at":"2022-08-22T13:39:11.000000Z","id":"6NvzBG4v2y","attach":"Lead","attach_id":"wRj2M1Yvre"}}
[22-Aug-2022 13:39:14 UTC] {"title":"task 2","start":"2022-08-23","end":"2022-08-25","assignees":[2051],"start_time":"14:08","end_time":"14:10","status":"","status_name":"","details":"<p>eeee<\/p>\r\n","user_id":2051,"company_id":1884,"updated_at":"2022-08-22T13:39:11.000000Z","created_at":"2022-08-22T13:39:11.000000Z","id":"6NvzBG4v2y","attach":"Lead","attach_id":"wRj2M1Yvre"}
[22-Aug-2022 13:39:14 UTC] "Tasks Endpoint"
[22-Aug-2022 13:39:14 UTC] {"payload":{"title":"task 2","start":"2022-08-23","end":"2022-08-25","assignees":[2051],"start_time":"14:08","end_time":"14:10","status":"","status_name":"","details":"<p>eeee<\/p>\r\n","user_id":2051,"company_id":1884,"updated_at":"2022-08-22T13:39:11.000000Z","created_at":"2022-08-22T13:39:11.000000Z","id":"o5vY1MavAG","attach":"Lead","attach_id":"wRj2M1Yvre"}}
[22-Aug-2022 13:39:14 UTC] {"title":"task 2","start":"2022-08-23","end":"2022-08-25","assignees":[2051],"start_time":"14:08","end_time":"14:10","status":"","status_name":"","details":"<p>eeee<\/p>\r\n","user_id":2051,"company_id":1884,"updated_at":"2022-08-22T13:39:11.000000Z","created_at":"2022-08-22T13:39:11.000000Z","id":"o5vY1MavAG","attach":"Lead","attach_id":"wRj2M1Yvre"}
[22-Aug-2022 13:39:15 UTC] "Tasks Endpoint"
[22-Aug-2022 13:39:15 UTC] {"payload":{"title":"task 2","start":"2022-08-23","end":"2022-08-25","assignees":[2051],"start_time":"14:08","end_time":"14:10","status":"","status_name":"","details":"<p>eeee<\/p>\r\n","user_id":2051,"company_id":1884,"updated_at":"2022-08-22T13:39:11.000000Z","created_at":"2022-08-22T13:39:11.000000Z","id":"6NvzBG4v2y","attach":"Lead","attach_id":"wRj2M1Yvre"}}
[22-Aug-2022 13:39:15 UTC] {"title":"task 2","start":"2022-08-23","end":"2022-08-25","assignees":[2051],"start_time":"14:08","end_time":"14:10","status":"","status_name":"","details":"<p>eeee<\/p>\r\n","user_id":2051,"company_id":1884,"updated_at":"2022-08-22T13:39:11.000000Z","created_at":"2022-08-22T13:39:11.000000Z","id":"6NvzBG4v2y","attach":"Lead","attach_id":"wRj2M1Yvre"}
[22-Aug-2022 13:39:15 UTC] "Tasks Endpoint"
[22-Aug-2022 13:39:15 UTC] {"payload":{"title":"task 2","start":"2022-08-23","end":"2022-08-25","assignees":[2051],"start_time":"14:08","end_time":"14:10","status":"","status_name":"","details":"<p>eeee<\/p>\r\n","user_id":2051,"company_id":1884,"updated_at":"2022-08-22T13:39:11.000000Z","created_at":"2022-08-22T13:39:11.000000Z","id":"o5vY1MavAG","attach":"Lead","attach_id":"wRj2M1Yvre"}}
[22-Aug-2022 13:39:15 UTC] {"title":"task 2","start":"2022-08-23","end":"2022-08-25","assignees":[2051],"start_time":"14:08","end_time":"14:10","status":"","status_name":"","details":"<p>eeee<\/p>\r\n","user_id":2051,"company_id":1884,"updated_at":"2022-08-22T13:39:11.000000Z","created_at":"2022-08-22T13:39:11.000000Z","id":"o5vY1MavAG","attach":"Lead","attach_id":"wRj2M1Yvre"}
[22-Aug-2022 16:43:16 UTC] {"response_body":[{"id":851,"label":"test"},{"id":860,"label":"new status"},{"id":868,"label":"am"},{"id":2,"label":"Pending"},{"id":3,"label":"In Progress"},{"id":4,"label":"Completed"},{"id":8,"label":"Unassigned"},{"id":15,"label":"Follow up"},{"id":76,"label":"Form Entry"}],"response_code":200,"response_message":"OK","response":{"headers":{},"body":"[{\"id\":851,\"label\":\"test\"},{\"id\":860,\"label\":\"new status\"},{\"id\":868,\"label\":\"am\"},{\"id\":2,\"label\":\"Pending\"},{\"id\":3,\"label\":\"In Progress\"},{\"id\":4,\"label\":\"Completed\"},{\"id\":8,\"label\":\"Unassigned\"},{\"id\":15,\"label\":\"Follow up\"},{\"id\":76,\"label\":\"Form Entry\"}]","response":{"code":200,"message":"OK"},"cookies":[],"filename":null,"http_response":{"data":null,"headers":null,"status":null}},"debug":{"file":"\/home\/greeqhlk\/swell.greelogix.com\/wp-content\/plugins\/swellenterprise\/includes\/class-swellenterprise-api-services.php","line":964,"function":"rs_remote_request","args":{"url":"https:\/\/app.swellsystem.com\/api\/statuses\/task","method":"GET","body_fields":[],"headers":{"Content-type":"application\/json","Authorization":"Basic c3dlbGx0ZWFtQGdtYWlsLmNvbTpwYXNzd29yZA=="}}}}
[22-Aug-2022 16:43:17 UTC] {"response_body":[{"id":806,"label":"testing"},{"id":865,"label":"test"},{"id":5,"label":"Won"},{"id":6,"label":"Lost"},{"id":8,"label":"Unassigned"},{"id":15,"label":"Follow up"},{"id":76,"label":"Form Entry"}],"response_code":200,"response_message":"OK","response":{"headers":{},"body":"[{\"id\":806,\"label\":\"testing\"},{\"id\":865,\"label\":\"test\"},{\"id\":5,\"label\":\"Won\"},{\"id\":6,\"label\":\"Lost\"},{\"id\":8,\"label\":\"Unassigned\"},{\"id\":15,\"label\":\"Follow up\"},{\"id\":76,\"label\":\"Form Entry\"}]","response":{"code":200,"message":"OK"},"cookies":[],"filename":null,"http_response":{"data":null,"headers":null,"status":null}},"debug":{"file":"\/home\/greeqhlk\/swell.greelogix.com\/wp-content\/plugins\/swellenterprise\/includes\/class-swellenterprise-api-services.php","line":964,"function":"rs_remote_request","args":{"url":"https:\/\/app.swellsystem.com\/api\/statuses\/lead","method":"GET","body_fields":[],"headers":{"Content-type":"application\/json","Authorization":"Basic c3dlbGx0ZWFtQGdtYWlsLmNvbTpwYXNzd29yZA=="}}}}
[22-Aug-2022 16:43:17 UTC] {"response_body":[{"id":4024,"name":"Lead custom","type":"singletext","required":1,"created_at":"2022-07-22T13:24:14.000000Z","updated_at":"2022-07-22T13:24:14.000000Z","deleted_at":null},{"id":4045,"name":"Hotline","type":"singletext","required":1,"created_at":"2022-07-29T17:44:31.000000Z","updated_at":"2022-07-29T17:44:31.000000Z","deleted_at":null},{"id":4057,"name":"number","type":"singletext","required":0,"created_at":"2022-08-04T19:57:13.000000Z","updated_at":"2022-08-04T19:57:13.000000Z","deleted_at":null},{"id":4058,"name":"textField","type":"singletext","required":0,"created_at":"2022-08-04T19:57:13.000000Z","updated_at":"2022-08-04T19:57:13.000000Z","deleted_at":null},{"id":4059,"name":"checkbox","type":"singletext","required":0,"created_at":"2022-08-04T19:57:13.000000Z","updated_at":"2022-08-04T19:57:13.000000Z","deleted_at":null},{"id":4063,"name":"color","type":"singletext","required":0,"created_at":"2022-08-05T15:26:34.000000Z","updated_at":"2022-08-05T15:26:34.000000Z","deleted_at":null},{"id":4064,"name":"pet","type":"singletext","required":0,"created_at":"2022-08-05T15:26:34.000000Z","updated_at":"2022-08-05T15:26:34.000000Z","deleted_at":null},{"id":4065,"name":"howDidYouHearAboutUs","type":"singletext","required":0,"created_at":"2022-08-08T13:33:21.000000Z","updated_at":"2022-08-08T13:33:21.000000Z","deleted_at":null},{"id":4075,"name":"customFields","type":"singletext","required":0,"created_at":"2022-08-22T11:13:39.000000Z","updated_at":"2022-08-22T11:13:39.000000Z","deleted_at":null},{"id":4076,"name":"size","type":"singletext","required":0,"created_at":"2022-08-22T15:08:15.000000Z","updated_at":"2022-08-22T15:08:15.000000Z","deleted_at":null},{"id":4077,"name":"testCustomField","type":"singletext","required":0,"created_at":"2022-08-22T15:16:18.000000Z","updated_at":"2022-08-22T15:16:18.000000Z","deleted_at":null}],"response_code":201,"response_message":"Created","response":{"headers":{},"body":"[{\"id\":4024,\"name\":\"Lead custom\",\"type\":\"singletext\",\"required\":1,\"created_at\":\"2022-07-22T13:24:14.000000Z\",\"updated_at\":\"2022-07-22T13:24:14.000000Z\",\"deleted_at\":null},{\"id\":4045,\"name\":\"Hotline\",\"type\":\"singletext\",\"required\":1,\"created_at\":\"2022-07-29T17:44:31.000000Z\",\"updated_at\":\"2022-07-29T17:44:31.000000Z\",\"deleted_at\":null},{\"id\":4057,\"name\":\"number\",\"type\":\"singletext\",\"required\":0,\"created_at\":\"2022-08-04T19:57:13.000000Z\",\"updated_at\":\"2022-08-04T19:57:13.000000Z\",\"deleted_at\":null},{\"id\":4058,\"name\":\"textField\",\"type\":\"singletext\",\"required\":0,\"created_at\":\"2022-08-04T19:57:13.000000Z\",\"updated_at\":\"2022-08-04T19:57:13.000000Z\",\"deleted_at\":null},{\"id\":4059,\"name\":\"checkbox\",\"type\":\"singletext\",\"required\":0,\"created_at\":\"2022-08-04T19:57:13.000000Z\",\"updated_at\":\"2022-08-04T19:57:13.000000Z\",\"deleted_at\":null},{\"id\":4063,\"name\":\"color\",\"type\":\"singletext\",\"required\":0,\"created_at\":\"2022-08-05T15:26:34.000000Z\",\"updated_at\":\"2022-08-05T15:26:34.000000Z\",\"deleted_at\":null},{\"id\":4064,\"name\":\"pet\",\"type\":\"singletext\",\"required\":0,\"created_at\":\"2022-08-05T15:26:34.000000Z\",\"updated_at\":\"2022-08-05T15:26:34.000000Z\",\"deleted_at\":null},{\"id\":4065,\"name\":\"howDidYouHearAboutUs\",\"type\":\"singletext\",\"required\":0,\"created_at\":\"2022-08-08T13:33:21.000000Z\",\"updated_at\":\"2022-08-08T13:33:21.000000Z\",\"deleted_at\":null},{\"id\":4075,\"name\":\"customFields\",\"type\":\"singletext\",\"required\":0,\"created_at\":\"2022-08-22T11:13:39.000000Z\",\"updated_at\":\"2022-08-22T11:13:39.000000Z\",\"deleted_at\":null},{\"id\":4076,\"name\":\"size\",\"type\":\"singletext\",\"required\":0,\"created_at\":\"2022-08-22T15:08:15.000000Z\",\"updated_at\":\"2022-08-22T15:08:15.000000Z\",\"deleted_at\":null},{\"id\":4077,\"name\":\"testCustomField\",\"type\":\"singletext\",\"required\":0,\"created_at\":\"2022-08-22T15:16:18.000000Z\",\"updated_at\":\"2022-08-22T15:16:18.000000Z\",\"deleted_at\":null}]","response":{"code":201,"message":"Created"},"cookies":[],"filename":null,"http_response":{"data":null,"headers":null,"status":null}},"debug":{"file":"\/home\/greeqhlk\/swell.greelogix.com\/wp-content\/plugins\/swellenterprise\/includes\/class-swellenterprise-api-services.php","line":964,"function":"rs_remote_request","args":{"url":"https:\/\/app.swellsystem.com\/api\/customfields\/lead","method":"GET","body_fields":[],"headers":{"Content-type":"application\/json","Authorization":"Basic c3dlbGx0ZWFtQGdtYWlsLmNvbTpwYXNzd29yZA=="}}}}
[22-Aug-2022 16:43:18 UTC] {"response_body":[{"id":4023,"name":"First Name","type":"singletext","required":0,"created_at":"2022-07-21T11:02:51.000000Z","updated_at":"2022-07-21T11:02:51.000000Z","deleted_at":null},{"id":4062,"name":"custom for contact","type":"singletext","required":1,"created_at":"2022-08-05T15:00:47.000000Z","updated_at":"2022-08-05T15:00:47.000000Z","deleted_at":null},{"id":4071,"name":"Assign contacts","type":"singletext","required":0,"created_at":"2022-08-16T15:36:48.000000Z","updated_at":"2022-08-16T15:36:48.000000Z","deleted_at":null},{"id":4074,"name":"test","type":"singletext","required":0,"created_at":"2022-08-16T15:50:32.000000Z","updated_at":"2022-08-16T15:50:32.000000Z","deleted_at":null}],"response_code":201,"response_message":"Created","response":{"headers":{},"body":"[{\"id\":4023,\"name\":\"First Name\",\"type\":\"singletext\",\"required\":0,\"created_at\":\"2022-07-21T11:02:51.000000Z\",\"updated_at\":\"2022-07-21T11:02:51.000000Z\",\"deleted_at\":null},{\"id\":4062,\"name\":\"custom for contact\",\"type\":\"singletext\",\"required\":1,\"created_at\":\"2022-08-05T15:00:47.000000Z\",\"updated_at\":\"2022-08-05T15:00:47.000000Z\",\"deleted_at\":null},{\"id\":4071,\"name\":\"Assign contacts\",\"type\":\"singletext\",\"required\":0,\"created_at\":\"2022-08-16T15:36:48.000000Z\",\"updated_at\":\"2022-08-16T15:36:48.000000Z\",\"deleted_at\":null},{\"id\":4074,\"name\":\"test\",\"type\":\"singletext\",\"required\":0,\"created_at\":\"2022-08-16T15:50:32.000000Z\",\"updated_at\":\"2022-08-16T15:50:32.000000Z\",\"deleted_at\":null}]","response":{"code":201,"message":"Created"},"cookies":[],"filename":null,"http_response":{"data":null,"headers":null,"status":null}},"debug":{"file":"\/home\/greeqhlk\/swell.greelogix.com\/wp-content\/plugins\/swellenterprise\/includes\/class-swellenterprise-api-services.php","line":964,"function":"rs_remote_request","args":{"url":"https:\/\/app.swellsystem.com\/api\/customfields\/contact","method":"GET","body_fields":[],"headers":{"Content-type":"application\/json","Authorization":"Basic c3dlbGx0ZWFtQGdtYWlsLmNvbTpwYXNzd29yZA=="}}}}
[22-Aug-2022 16:43:18 UTC] {"response_body":[{"id":4027,"name":"Custom Test","type":"singletext","required":0,"created_at":"2022-07-22T20:35:33.000000Z","updated_at":"2022-07-22T20:35:33.000000Z","deleted_at":null},{"id":4028,"name":"CustomTest_4027","type":"singletext","required":0,"created_at":"2022-07-22T20:37:13.000000Z","updated_at":"2022-07-22T20:37:13.000000Z","deleted_at":null},{"id":4029,"name":"custom 2","type":"singletext","required":0,"created_at":"2022-07-27T10:21:41.000000Z","updated_at":"2022-07-27T10:21:41.000000Z","deleted_at":null},{"id":4060,"name":"color","type":"singletext","required":0,"created_at":"2022-08-04T20:00:28.000000Z","updated_at":"2022-08-04T20:00:28.000000Z","deleted_at":null}],"response_code":201,"response_message":"Created","response":{"headers":{},"body":"[{\"id\":4027,\"name\":\"Custom Test\",\"type\":\"singletext\",\"required\":0,\"created_at\":\"2022-07-22T20:35:33.000000Z\",\"updated_at\":\"2022-07-22T20:35:33.000000Z\",\"deleted_at\":null},{\"id\":4028,\"name\":\"CustomTest_4027\",\"type\":\"singletext\",\"required\":0,\"created_at\":\"2022-07-22T20:37:13.000000Z\",\"updated_at\":\"2022-07-22T20:37:13.000000Z\",\"deleted_at\":null},{\"id\":4029,\"name\":\"custom 2\",\"type\":\"singletext\",\"required\":0,\"created_at\":\"2022-07-27T10:21:41.000000Z\",\"updated_at\":\"2022-07-27T10:21:41.000000Z\",\"deleted_at\":null},{\"id\":4060,\"name\":\"color\",\"type\":\"singletext\",\"required\":0,\"created_at\":\"2022-08-04T20:00:28.000000Z\",\"updated_at\":\"2022-08-04T20:00:28.000000Z\",\"deleted_at\":null}]","response":{"code":201,"message":"Created"},"cookies":[],"filename":null,"http_response":{"data":null,"headers":null,"status":null}},"debug":{"file":"\/home\/greeqhlk\/swell.greelogix.com\/wp-content\/plugins\/swellenterprise\/includes\/class-swellenterprise-api-services.php","line":964,"function":"rs_remote_request","args":{"url":"https:\/\/app.swellsystem.com\/api\/customfields\/client","method":"GET","body_fields":[],"headers":{"Content-type":"application\/json","Authorization":"Basic c3dlbGx0ZWFtQGdtYWlsLmNvbTpwYXNzd29yZA=="}}}}
